<?xml version="1.0" encoding="UTF-8"?>
<testng-results ignored="0" total="1" passed="0" failed="1" skipped="0">
  <reporter-output>
    <line>
      <![CDATA[***** This program created by APR ******]]>
    </line>
    <line>
      <![CDATA[Launching Browser]]>
    </line>
    <line>
      <![CDATA[Application Logged in]]>
    </line>
    <line>
      <![CDATA[Running: 143]]>
    </line>
    <line>
      <![CDATA[Loging out ]]>
    </line>
    <line>
      <![CDATA[Closing Browser ]]>
    </line>
  </reporter-output>
  <suite started-at="2021-08-03T22:29:36 IST" name="Default suite" finished-at="2021-08-03T22:29:51 IST" duration-ms="15091">
    <groups>
    </groups>
    <test started-at="2021-08-03T22:29:36 IST" name="Default test" finished-at="2021-08-03T22:29:51 IST" duration-ms="15091">
      <class name="SuiteLevelListener.TestLoginLogout1">
        <test-method is-config="true" signature="LaunchBrowser()[pri:0, instance:SuiteLevelListener.TestLoginLogout1@306e95ec]" started-at="2021-08-03T22:29:36 IST" name="LaunchBrowser" finished-at="2021-08-03T22:29:41 IST" duration-ms="4546" status="PASS">
          <reporter-output>
            <line>
              <![CDATA[***** This program created by APR ******]]>
            </line>
            <line>
              <![CDATA[Launching Browser]]>
            </line>
          </reporter-output>
        </test-method> <!-- LaunchBrowser -->
        <test-method is-config="true" signature="LoginApplication()[pri:0, instance:SuiteLevelListener.TestLoginLogout1@306e95ec]" started-at="2021-08-03T22:29:41 IST" name="LoginApplication" finished-at="2021-08-03T22:29:43 IST" duration-ms="2252" status="PASS">
          <reporter-output>
            <line>
              <![CDATA[Application Logged in]]>
            </line>
          </reporter-output>
        </test-method> <!-- LoginApplication -->
        <test-method signature="ValidateUserID()[pri:0, instance:SuiteLevelListener.TestLoginLogout1@306e95ec]" started-at="2021-08-03T22:29:43 IST" name="ValidateUserID" finished-at="2021-08-03T22:29:44 IST" duration-ms="1224" status="FAIL">
          <exception class="java.lang.AssertionError">
            <message>
              <![CDATA[User ID not matching TC failed expected [DV15qwe] but found [DV1510]]]>
            </message>
            <full-stacktrace>
              <![CDATA[java.lang.AssertionError: User ID not matching TC failed expected [DV15qwe] but found [DV1510]
at org.testng.Assert.fail(Assert.java:99)
at org.testng.Assert.failNotEquals(Assert.java:1037)
at org.testng.Assert.assertEqualsImpl(Assert.java:140)
at org.testng.Assert.assertEquals(Assert.java:122)
at org.testng.Assert.assertEquals(Assert.java:629)
at SuiteLevelListener.TestLoginLogout1.ValidateUserID(TestLoginLogout1.java:61)
at java.base/jdk.internal.reflect.NativeMethodAccessorImpl.invoke0(Native Method)
at java.base/jdk.internal.reflect.NativeMethodAccessorImpl.invoke(NativeMethodAccessorImpl.java:62)
at java.base/jdk.internal.reflect.DelegatingMethodAccessorImpl.invoke(DelegatingMethodAccessorImpl.java:43)
at java.base/java.lang.reflect.Method.invoke(Method.java:566)
at org.testng.internal.MethodInvocationHelper.invokeMethod(MethodInvocationHelper.java:133)
at org.testng.internal.TestInvoker.invokeMethod(TestInvoker.java:598)
at org.testng.internal.TestInvoker.invokeTestMethod(TestInvoker.java:173)
at org.testng.internal.MethodRunner.runInSequence(MethodRunner.java:46)
at org.testng.internal.TestInvoker$MethodInvocationAgent.invoke(TestInvoker.java:824)
at org.testng.internal.TestInvoker.invokeTestMethods(TestInvoker.java:146)
at org.testng.internal.TestMethodWorker.invokeTestMethods(TestMethodWorker.java:146)
at org.testng.internal.TestMethodWorker.run(TestMethodWorker.java:128)
at java.base/java.util.ArrayList.forEach(ArrayList.java:1541)
at org.testng.TestRunner.privateRun(TestRunner.java:794)
at org.testng.TestRunner.run(TestRunner.java:596)
at org.testng.SuiteRunner.runTest(SuiteRunner.java:377)
at org.testng.SuiteRunner.runSequentially(SuiteRunner.java:371)
at org.testng.SuiteRunner.privateRun(SuiteRunner.java:332)
at org.testng.SuiteRunner.run(SuiteRunner.java:276)
at org.testng.SuiteRunnerWorker.runSuite(SuiteRunnerWorker.java:53)
at org.testng.SuiteRunnerWorker.run(SuiteRunnerWorker.java:96)
at org.testng.TestNG.runSuitesSequentially(TestNG.java:1212)
at org.testng.TestNG.runSuitesLocally(TestNG.java:1134)
at org.testng.TestNG.runSuites(TestNG.java:1063)
at org.testng.TestNG.run(TestNG.java:1031)
at org.testng.remote.AbstractRemoteTestNG.run(AbstractRemoteTestNG.java:115)
at org.testng.remote.RemoteTestNG.initAndRun(RemoteTestNG.java:251)
at org.testng.remote.RemoteTestNG.main(RemoteTestNG.java:77)
]]>
            </full-stacktrace>
          </exception> <!-- java.lang.AssertionError -->
          <reporter-output>
            <line>
              <![CDATA[Running: 143]]>
            </line>
          </reporter-output>
        </test-method> <!-- ValidateUserID -->
        <test-method is-config="true" signature="LogOutFormApplication()[pri:0, instance:SuiteLevelListener.TestLoginLogout1@306e95ec]" started-at="2021-08-03T22:29:44 IST" name="LogOutFormApplication" finished-at="2021-08-03T22:29:48 IST" duration-ms="3881" status="PASS">
          <reporter-output>
            <line>
              <![CDATA[Loging out ]]>
            </line>
          </reporter-output>
        </test-method> <!-- LogOutFormApplication -->
        <test-method is-config="true" signature="CloseBroswer()[pri:0, instance:SuiteLevelListener.TestLoginLogout1@306e95ec]" started-at="2021-08-03T22:29:48 IST" name="CloseBroswer" finished-at="2021-08-03T22:29:51 IST" duration-ms="3136" status="PASS">
          <reporter-output>
            <line>
              <![CDATA[Closing Browser ]]>
            </line>
          </reporter-output>
        </test-method> <!-- CloseBroswer -->
      </class> <!-- SuiteLevelListener.TestLoginLogout1 -->
    </test> <!-- Default test -->
  </suite> <!-- Default suite -->
</testng-results>
